<?xml version="1.0" encoding="UTF-8"?>
<testng-results ignored="0" total="6" passed="6" failed="0" skipped="0">
  <reporter-output>
  </reporter-output>
  <suite started-at="2021-06-13T23:55:29 IST" name="Default suite" finished-at="2021-06-13T23:55:29 IST" duration-ms="125">
    <groups>
    </groups>
    <test started-at="2021-06-13T23:55:29 IST" name="Default test" finished-at="2021-06-13T23:55:29 IST" duration-ms="125">
      <class name="TestSuite.HouseSelection">
        <test-method signature="Test01_ValidValues()[pri:1, instance:TestSuite.HouseSelection@41c2284a]" started-at="2021-06-13T23:55:29 IST" name="Test01_ValidValues" finished-at="2021-06-13T23:55:29 IST" duration-ms="33" status="PASS">
          <reporter-output>
          </reporter-output>
        </test-method> <!-- Test01_ValidValues -->
        <test-method signature="Test02_DuplicateRullNum()[pri:2, instance:TestSuite.HouseSelection@41c2284a]" started-at="2021-06-13T23:55:29 IST" name="Test02_DuplicateRullNum" finished-at="2021-06-13T23:55:29 IST" duration-ms="6" status="PASS">
          <reporter-output>
          </reporter-output>
        </test-method> <!-- Test02_DuplicateRullNum -->
        <test-method signature="Test03_InvalidValues()[pri:3, instance:TestSuite.HouseSelection@41c2284a]" started-at="2021-06-13T23:55:29 IST" name="Test03_InvalidValues" finished-at="2021-06-13T23:55:29 IST" duration-ms="4" status="PASS">
          <reporter-output>
          </reporter-output>
        </test-method> <!-- Test03_InvalidValues -->
        <test-method signature="Test04_ClassValidation()[pri:4, instance:TestSuite.HouseSelection@41c2284a]" started-at="2021-06-13T23:55:29 IST" name="Test04_ClassValidation" finished-at="2021-06-13T23:55:29 IST" duration-ms="5" status="PASS">
          <reporter-output>
          </reporter-output>
        </test-method> <!-- Test04_ClassValidation -->
        <test-method signature="Test05_FoodTypeValidation()[pri:5, instance:TestSuite.HouseSelection@41c2284a]" started-at="2021-06-13T23:55:29 IST" name="Test05_FoodTypeValidation" finished-at="2021-06-13T23:55:29 IST" duration-ms="4" status="PASS">
          <reporter-output>
          </reporter-output>
        </test-method> <!-- Test05_FoodTypeValidation -->
        <test-method signature="Test06_AlternateInvalidValues()[pri:6, instance:TestSuite.HouseSelection@41c2284a]" started-at="2021-06-13T23:55:29 IST" name="Test06_AlternateInvalidValues" finished-at="2021-06-13T23:55:29 IST" duration-ms="5" status="PASS">
          <reporter-output>
          </reporter-output>
        </test-method> <!-- Test06_AlternateInvalidValues -->
      </class> <!-- TestSuite.HouseSelection -->
    </test> <!-- Default test -->
  </suite> <!-- Default suite -->
</testng-results>
